N: android=http://schemas.android.com/apk/res/android
  E: manifest (line=7)
    A: android:versionCode(0x0101021b)=(type 0x10)0x1
    A: android:versionName(0x0101021c)="1.0.0" (Raw: "1.0.0")
    A: android:compileSdkVersion(0x01010572)=(type 0x10)0x24
    A: android:compileSdkVersionCodename(0x01010573)="16" (Raw: "16")
    A: package="com.voicetextnote.app" (Raw: "com.voicetextnote.app")
    A: platformBuildVersionCode=(type 0x10)0x24
    A: platformBuildVersionName=(type 0x10)0x10
    E: uses-sdk (line=12)
      A: android:minSdkVersion(0x0101020c)=(type 0x10)0x1d
      A: android:targetSdkVersion(0x01010270)=(type 0x10)0x23
    E: uses-permission (line=17)
      A: android:name(0x01010003)="android.permission.RECORD_AUDIO" (Raw: "android.permission.RECORD_AUDIO")
    E: uses-permission (line=18)
      A: android:name(0x01010003)="android.permission.INTERNET" (Raw: "android.permission.INTERNET")
    E: uses-permission (line=19)
      A: android:name(0x01010003)="android.permission.FOREGROUND_SERVICE" (Raw: "android.permission.FOREGROUND_SERVICE")
    E: uses-permission (line=20)
      A: android:name(0x01010003)="android.permission.FOREGROUND_SERVICE_MICROPHONE" (Raw: "android.permission.FOREGROUND_SERVICE_MICROPHONE")
    E: uses-permission (line=21)
      A: android:name(0x01010003)="android.permission.POST_NOTIFICATIONS" (Raw: "android.permission.POST_NOTIFICATIONS")
    E: queries (line=23)
      E: intent (line=24)
        E: action (line=25)
          A: android:name(0x01010003)="android.intent.action.GET_CONTENT" (Raw: "android.intent.action.GET_CONTENT")
        E: data (line=27)
          A: android:mimeType(0x01010026)="*/*" (Raw: "*/*")
    E: uses-permission (line=31)
      A: android:name(0x01010003)="android.permission.WAKE_LOCK" (Raw: "android.permission.WAKE_LOCK")
    E: uses-permission (line=32)
      A: android:name(0x01010003)="android.permission.ACCESS_NETWORK_STATE" (Raw: "android.permission.ACCESS_NETWORK_STATE")
    E: uses-permission (line=33)
      A: android:name(0x01010003)="android.permission.VIBRATE" (Raw: "android.permission.VIBRATE")
    E: uses-permission (line=34)
      A: android:name(0x01010003)="com.google.android.c2dm.permission.RECEIVE" (Raw: "com.google.android.c2dm.permission.RECEIVE")
    E: uses-permission (line=35)
      A: android:name(0x01010003)="com.google.android.gms.permission.AD_ID" (Raw: "com.google.android.gms.permission.AD_ID")
    E: uses-permission (line=36)
      A: android:name(0x01010003)="android.permission.ACCESS_ADSERVICES_ATTRIBUTION" (Raw: "android.permission.ACCESS_ADSERVICES_ATTRIBUTION")
    E: uses-permission (line=37)
      A: android:name(0x01010003)="android.permission.ACCESS_ADSERVICES_AD_ID" (Raw: "android.permission.ACCESS_ADSERVICES_AD_ID")
    E: uses-permission (line=38)
      A: android:name(0x01010003)="com.google.android.finsky.permission.BIND_GET_INSTALL_REFERRER_SERVICE" (Raw: "com.google.android.finsky.permission.BIND_GET_INSTALL_REFERRER_SERVICE")
    E: permission (line=40)
      A: android:name(0x01010003)="com.voicetextnote.app.DYNAMIC_RECEIVER_NOT_EXPORTED_PERMISSION" (Raw: "com.voicetextnote.app.DYNAMIC_RECEIVER_NOT_EXPORTED_PERMISSION")
      A: android:protectionLevel(0x01010009)=(type 0x11)0x2
    E: uses-permission (line=44)
      A: android:name(0x01010003)="com.voicetextnote.app.DYNAMIC_RECEIVER_NOT_EXPORTED_PERMISSION" (Raw: "com.voicetextnote.app.DYNAMIC_RECEIVER_NOT_EXPORTED_PERMISSION")
    E: application (line=46)
      A: android:label(0x01010001)="Voice TextNote" (Raw: "Voice TextNote")
      A: android:icon(0x01010002)=@0x7f0c0000
      A: android:name(0x01010003)="android.app.Application" (Raw: "android.app.Application")
      A: android:extractNativeLibs(0x010104ea)=(type 0x12)0x0
      A: android:networkSecurityConfig(0x01010527)=@0x7f110003
      A: android:appComponentFactory(0x0101057a)="androidx.core.app.CoreComponentFactory" (Raw: "androidx.core.app.CoreComponentFactory")
      A: android:requestLegacyExternalStorage(0x01010603)=(type 0x12)0xffffffff
      E: activity (line=54)
        A: android:theme(0x01010000)=@0x7f0f00a2
        A: android:name(0x01010003)="com.voicetextnote.app.MainActivity" (Raw: "com.voicetextnote.app.MainActivity")
        A: android:exported(0x01010010)=(type 0x12)0xffffffff
        A: android:taskAffinity(0x01010012)="" (Raw: "")
        A: android:launchMode(0x0101001d)=(type 0x10)0x1
        A: android:screenOrientation(0x0101001e)=(type 0x10)0x1
        A: android:configChanges(0x0101001f)=(type 0x11)0x40003fb4
        A: android:windowSoftInputMode(0x0101022b)=(type 0x11)0x10
        A: android:hardwareAccelerated(0x010102d3)=(type 0x12)0xffffffff
        E: meta-data (line=64)
          A: android:name(0x01010003)="io.flutter.embedding.android.NormalTheme" (Raw: "io.flutter.embedding.android.NormalTheme")
          A: android:resource(0x01010025)=@0x7f0f00a3
        E: intent-filter (line=68)
          E: action (line=69)
            A: android:name(0x01010003)="android.intent.action.MAIN" (Raw: "android.intent.action.MAIN")
          E: category (line=71)
            A: android:name(0x01010003)="android.intent.category.LAUNCHER" (Raw: "android.intent.category.LAUNCHER")
        E: intent-filter (line=74)
          E: action (line=75)
            A: android:name(0x01010003)="android.intent.action.VIEW" (Raw: "android.intent.action.VIEW")
          E: category (line=77)
            A: android:name(0x01010003)="android.intent.category.DEFAULT" (Raw: "android.intent.category.DEFAULT")
          E: category (line=78)
            A: android:name(0x01010003)="android.intent.category.BROWSABLE" (Raw: "android.intent.category.BROWSABLE")
          E: data (line=80)
            A: android:scheme(0x01010027)="voicetextnote" (Raw: "voicetextnote")
        E: intent-filter (line=83)
          E: action (line=84)
            A: android:name(0x01010003)="android.intent.action.SEND" (Raw: "android.intent.action.SEND")
          E: category (line=86)
            A: android:name(0x01010003)="android.intent.category.DEFAULT" (Raw: "android.intent.category.DEFAULT")
          E: data (line=88)
            A: android:mimeType(0x01010026)="text/plain" (Raw: "text/plain")
        E: intent-filter (line=90)
          E: action (line=91)
            A: android:name(0x01010003)="android.intent.action.SEND" (Raw: "android.intent.action.SEND")
          E: category (line=93)
            A: android:name(0x01010003)="android.intent.category.DEFAULT" (Raw: "android.intent.category.DEFAULT")
          E: data (line=95)
            A: android:mimeType(0x01010026)="application/pdf" (Raw: "application/pdf")
          E: data (line=96)
            A: android:mimeType(0x01010026)="application/vnd.openxmlformats-officedocument.wordprocessingml.document" (Raw: "application/vnd.openxmlformats-officedocument.wordprocessingml.document")
          E: data (line=97)
            A: android:mimeType(0x01010026)="image/*" (Raw: "image/*")
      E: meta-data (line=101)
        A: android:name(0x01010003)="flutterEmbedding" (Raw: "flutterEmbedding")
        A: android:value(0x01010024)=(type 0x10)0x2
      E: service (line=106)
        A: android:name(0x01010003)="com.voicetextnote.app.RecordingService" (Raw: "com.voicetextnote.app.RecordingService")
        A: android:enabled(0x0101000e)=(type 0x12)0xffffffff
        A: android:exported(0x01010010)=(type 0x12)0x0
        A: android:foregroundServiceType(0x01010599)=(type 0x11)0x80
      E: service (line=111)
        A: android:name(0x01010003)="io.flutter.plugins.firebase.messaging.FlutterFirebaseMessagingBackgroundService" (Raw: "io.flutter.plugins.firebase.messaging.FlutterFirebaseMessagingBackgroundService")
        A: android:permission(0x01010006)="android.permission.BIND_JOB_SERVICE" (Raw: "android.permission.BIND_JOB_SERVICE")
        A: android:exported(0x01010010)=(type 0x12)0x0
      E: service (line=115)
        A: android:name(0x01010003)="io.flutter.plugins.firebase.messaging.FlutterFirebaseMessagingService" (Raw: "io.flutter.plugins.firebase.messaging.FlutterFirebaseMessagingService")
        A: android:exported(0x01010010)=(type 0x12)0x0
        E: intent-filter (line=118)
          E: action (line=119)
            A: android:name(0x01010003)="com.google.firebase.MESSAGING_EVENT" (Raw: "com.google.firebase.MESSAGING_EVENT")
      E: receiver (line=123)
        A: android:name(0x01010003)="io.flutter.plugins.firebase.messaging.FlutterFirebaseMessagingReceiver" (Raw: "io.flutter.plugins.firebase.messaging.FlutterFirebaseMessagingReceiver")
        A: android:permission(0x01010006)="com.google.android.c2dm.permission.SEND" (Raw: "com.google.android.c2dm.permission.SEND")
        A: android:exported(0x01010010)=(type 0x12)0xffffffff
        E: intent-filter (line=127)
          E: action (line=128)
            A: android:name(0x01010003)="com.google.android.c2dm.intent.RECEIVE" (Raw: "com.google.android.c2dm.intent.RECEIVE")
      E: service (line=132)
        A: android:name(0x01010003)="com.google.firebase.components.ComponentDiscoveryService" (Raw: "com.google.firebase.components.ComponentDiscoveryService")
        A: android:exported(0x01010010)=(type 0x12)0x0
        A: android:directBootAware(0x01010505)=(type 0x12)0xffffffff
        E: meta-data (line=136)
          A: android:name(0x01010003)="com.google.firebase.components:io.flutter.plugins.firebase.messaging.FlutterFirebaseAppRegistrar" (Raw: "com.google.firebase.components:io.flutter.plugins.firebase.messaging.FlutterFirebaseAppRegistrar")
          A: android:value(0x01010024)="com.google.firebase.components.ComponentRegistrar" (Raw: "com.google.firebase.components.ComponentRegistrar")
        E: meta-data (line=139)
          A: android:name(0x01010003)="com.google.firebase.components:io.flutter.plugins.firebase.core.FlutterFirebaseCoreRegistrar" (Raw: "com.google.firebase.components:io.flutter.plugins.firebase.core.FlutterFirebaseCoreRegistrar")
          A: android:value(0x01010024)="com.google.firebase.components.ComponentRegistrar" (Raw: "com.google.firebase.components.ComponentRegistrar")
        E: meta-data (line=142)
          A: android:name(0x01010003)="com.google.firebase.components:com.google.firebase.messaging.FirebaseMessagingKtxRegistrar" (Raw: "com.google.firebase.components:com.google.firebase.messaging.FirebaseMessagingKtxRegistrar")
          A: android:value(0x01010024)="com.google.firebase.components.ComponentRegistrar" (Raw: "com.google.firebase.components.ComponentRegistrar")
        E: meta-data (line=145)
          A: android:name(0x01010003)="com.google.firebase.components:com.google.firebase.messaging.FirebaseMessagingRegistrar" (Raw: "com.google.firebase.components:com.google.firebase.messaging.FirebaseMessagingRegistrar")
          A: android:value(0x01010024)="com.google.firebase.components.ComponentRegistrar" (Raw: "com.google.firebase.components.ComponentRegistrar")
        E: meta-data (line=148)
          A: android:name(0x01010003)="com.google.firebase.components:com.google.firebase.analytics.connector.internal.AnalyticsConnectorRegistrar" (Raw: "com.google.firebase.components:com.google.firebase.analytics.connector.internal.AnalyticsConnectorRegistrar")
          A: android:value(0x01010024)="com.google.firebase.components.ComponentRegistrar" (Raw: "com.google.firebase.components.ComponentRegistrar")
        E: meta-data (line=151)
          A: android:name(0x01010003)="com.google.firebase.components:com.google.firebase.installations.FirebaseInstallationsKtxRegistrar" (Raw: "com.google.firebase.components:com.google.firebase.installations.FirebaseInstallationsKtxRegistrar")
          A: android:value(0x01010024)="com.google.firebase.components.ComponentRegistrar" (Raw: "com.google.firebase.components.ComponentRegistrar")
        E: meta-data (line=154)
          A: android:name(0x01010003)="com.google.firebase.components:com.google.firebase.installations.FirebaseInstallationsRegistrar" (Raw: "com.google.firebase.components:com.google.firebase.installations.FirebaseInstallationsRegistrar")
          A: android:value(0x01010024)="com.google.firebase.components.ComponentRegistrar" (Raw: "com.google.firebase.components.ComponentRegistrar")
        E: meta-data (line=157)
          A: android:name(0x01010003)="com.google.firebase.components:com.google.firebase.ktx.FirebaseCommonLegacyRegistrar" (Raw: "com.google.firebase.components:com.google.firebase.ktx.FirebaseCommonLegacyRegistrar")
          A: android:value(0x01010024)="com.google.firebase.components.ComponentRegistrar" (Raw: "com.google.firebase.components.ComponentRegistrar")
        E: meta-data (line=160)
          A: android:name(0x01010003)="com.google.firebase.components:com.google.firebase.FirebaseCommonKtxRegistrar" (Raw: "com.google.firebase.components:com.google.firebase.FirebaseCommonKtxRegistrar")
          A: android:value(0x01010024)="com.google.firebase.components.ComponentRegistrar" (Raw: "com.google.firebase.components.ComponentRegistrar")
        E: meta-data (line=163)
          A: android:name(0x01010003)="com.google.firebase.components:com.google.firebase.datatransport.TransportRegistrar" (Raw: "com.google.firebase.components:com.google.firebase.datatransport.TransportRegistrar")
          A: android:value(0x01010024)="com.google.firebase.components.ComponentRegistrar" (Raw: "com.google.firebase.components.ComponentRegistrar")
      E: provider (line=168)
        A: android:name(0x01010003)="io.flutter.plugins.firebase.messaging.FlutterFirebaseMessagingInitProvider" (Raw: "io.flutter.plugins.firebase.messaging.FlutterFirebaseMessagingInitProvider")
        A: android:exported(0x01010010)=(type 0x12)0x0
        A: android:authorities(0x01010018)="com.voicetextnote.app.flutterfirebasemessaginginitprovider" (Raw: "com.voicetextnote.app.flutterfirebasemessaginginitprovider")
        A: android:initOrder(0x0101001a)=(type 0x10)0x63
      E: provider (line=173)
        A: android:name(0x01010003)="io.flutter.plugins.imagepicker.ImagePickerFileProvider" (Raw: "io.flutter.plugins.imagepicker.ImagePickerFileProvider")
        A: android:exported(0x01010010)=(type 0x12)0x0
        A: android:authorities(0x01010018)="com.voicetextnote.app.flutter.image_provider" (Raw: "com.voicetextnote.app.flutter.image_provider")
        A: android:grantUriPermissions(0x0101001b)=(type 0x12)0xffffffff
        E: meta-data (line=178)
          A: android:name(0x01010003)="android.support.FILE_PROVIDER_PATHS" (Raw: "android.support.FILE_PROVIDER_PATHS")
          A: android:resource(0x01010025)=@0x7f110000
      E: service (line=182)
        A: android:name(0x01010003)="com.google.android.gms.metadata.ModuleDependencies" (Raw: "com.google.android.gms.metadata.ModuleDependencies")
        A: android:enabled(0x0101000e)=(type 0x12)0x0
        A: android:exported(0x01010010)=(type 0x12)0x0
        E: intent-filter (line=186)
          E: action (line=187)
            A: android:name(0x01010003)="com.google.android.gms.metadata.MODULE_DEPENDENCIES" (Raw: "com.google.android.gms.metadata.MODULE_DEPENDENCIES")
        E: meta-data (line=190)
          A: android:name(0x01010003)="photopicker_activity:0:required" (Raw: "photopicker_activity:0:required")
          A: android:value(0x01010024)="" (Raw: "")
      E: provider (line=198)
        A: android:name(0x01010003)="dev.fluttercommunity.plus.share.ShareFileProvider" (Raw: "dev.fluttercommunity.plus.share.ShareFileProvider")
        A: android:exported(0x01010010)=(type 0x12)0x0
        A: android:authorities(0x01010018)="com.voicetextnote.app.flutter.share_provider" (Raw: "com.voicetextnote.app.flutter.share_provider")
        A: android:grantUriPermissions(0x0101001b)=(type 0x12)0xffffffff
        E: meta-data (line=203)
          A: android:name(0x01010003)="android.support.FILE_PROVIDER_PATHS" (Raw: "android.support.FILE_PROVIDER_PATHS")
          A: android:resource(0x01010025)=@0x7f110001
      E: receiver (line=211)
        A: android:name(0x01010003)="dev.fluttercommunity.plus.share.SharePlusPendingIntent" (Raw: "dev.fluttercommunity.plus.share.SharePlusPendingIntent")
        A: android:exported(0x01010010)=(type 0x12)0x0
        E: intent-filter (line=214)
          E: action (line=215)
            A: android:name(0x01010003)="EXTRA_CHOSEN_COMPONENT" (Raw: "EXTRA_CHOSEN_COMPONENT")
      E: activity (line=219)
        A: android:theme(0x01010000)=@0x01030007
        A: android:name(0x01010003)="io.flutter.plugins.urllauncher.WebViewActivity" (Raw: "io.flutter.plugins.urllauncher.WebViewActivity")
        A: android:exported(0x01010010)=(type 0x12)0x0
      E: receiver (line=224)
        A: android:name(0x01010003)="com.google.firebase.iid.FirebaseInstanceIdReceiver" (Raw: "com.google.firebase.iid.FirebaseInstanceIdReceiver")
        A: android:permission(0x01010006)="com.google.android.c2dm.permission.SEND" (Raw: "com.google.android.c2dm.permission.SEND")
        A: android:exported(0x01010010)=(type 0x12)0xffffffff
        E: intent-filter (line=228)
          E: action (line=229)
            A: android:name(0x01010003)="com.google.android.c2dm.intent.RECEIVE" (Raw: "com.google.android.c2dm.intent.RECEIVE")
        E: meta-data (line=232)
          A: android:name(0x01010003)="com.google.android.gms.cloudmessaging.FINISHED_AFTER_HANDLED" (Raw: "com.google.android.gms.cloudmessaging.FINISHED_AFTER_HANDLED")
          A: android:value(0x01010024)=(type 0x12)0xffffffff
      E: service (line=240)
        A: android:name(0x01010003)="com.google.firebase.messaging.FirebaseMessagingService" (Raw: "com.google.firebase.messaging.FirebaseMessagingService")
        A: android:exported(0x01010010)=(type 0x12)0x0
        A: android:directBootAware(0x01010505)=(type 0x12)0xffffffff
        E: intent-filter (line=244)
          A: android:priority(0x0101001c)=(type 0x10)0xfffffe0c
          E: action (line=245)
            A: android:name(0x01010003)="com.google.firebase.MESSAGING_EVENT" (Raw: "com.google.firebase.MESSAGING_EVENT")
      E: provider (line=249)
        A: android:name(0x01010003)="com.google.firebase.provider.FirebaseInitProvider" (Raw: "com.google.firebase.provider.FirebaseInitProvider")
        A: android:exported(0x01010010)=(type 0x12)0x0
        A: android:authorities(0x01010018)="com.voicetextnote.app.firebaseinitprovider" (Raw: "com.voicetextnote.app.firebaseinitprovider")
        A: android:initOrder(0x0101001a)=(type 0x10)0x64
        A: android:directBootAware(0x01010505)=(type 0x12)0xffffffff
      E: uses-library (line=256)
        A: android:name(0x01010003)="androidx.window.extensions" (Raw: "androidx.window.extensions")
        A: android:required(0x0101028e)=(type 0x12)0x0
      E: uses-library (line=259)
        A: android:name(0x01010003)="androidx.window.sidecar" (Raw: "androidx.window.sidecar")
        A: android:required(0x0101028e)=(type 0x12)0x0
      E: activity (line=263)
        A: android:theme(0x01010000)=@0x01030010
        A: android:name(0x01010003)="com.google.android.gms.auth.api.signin.internal.SignInHubActivity" (Raw: "com.google.android.gms.auth.api.signin.internal.SignInHubActivity")
        A: android:exported(0x01010010)=(type 0x12)0x0
        A: android:excludeFromRecents(0x01010017)=(type 0x12)0xffffffff
      E: service (line=272)
        A: android:name(0x01010003)="com.google.android.gms.auth.api.signin.RevocationBoundService" (Raw: "com.google.android.gms.auth.api.signin.RevocationBoundService")
        A: android:permission(0x01010006)="com.google.android.gms.auth.api.signin.permission.REVOCATION_NOTIFICATION" (Raw: "com.google.android.gms.auth.api.signin.permission.REVOCATION_NOTIFICATION")
        A: android:exported(0x01010010)=(type 0x12)0xffffffff
        A: android:visibleToInstantApps(0x01010531)=(type 0x12)0xffffffff
      E: receiver (line=278)
        A: android:name(0x01010003)="com.google.android.gms.measurement.AppMeasurementReceiver" (Raw: "com.google.android.gms.measurement.AppMeasurementReceiver")
        A: android:enabled(0x0101000e)=(type 0x12)0xffffffff
        A: android:exported(0x01010010)=(type 0x12)0x0
      E: service (line=284)
        A: android:name(0x01010003)="com.google.android.gms.measurement.AppMeasurementService" (Raw: "com.google.android.gms.measurement.AppMeasurementService")
        A: android:enabled(0x0101000e)=(type 0x12)0xffffffff
        A: android:exported(0x01010010)=(type 0x12)0x0
      E: service (line=288)
        A: android:name(0x01010003)="com.google.android.gms.measurement.AppMeasurementJobService" (Raw: "com.google.android.gms.measurement.AppMeasurementJobService")
        A: android:permission(0x01010006)="android.permission.BIND_JOB_SERVICE" (Raw: "android.permission.BIND_JOB_SERVICE")
        A: android:enabled(0x0101000e)=(type 0x12)0xffffffff
        A: android:exported(0x01010010)=(type 0x12)0x0
      E: activity (line=294)
        A: android:theme(0x01010000)=@0x01030010
        A: android:name(0x01010003)="com.google.android.gms.common.api.GoogleApiActivity" (Raw: "com.google.android.gms.common.api.GoogleApiActivity")
        A: android:exported(0x01010010)=(type 0x12)0x0
      E: provider (line=299)
        A: android:name(0x01010003)="androidx.startup.InitializationProvider" (Raw: "androidx.startup.InitializationProvider")
        A: android:exported(0x01010010)=(type 0x12)0x0
        A: android:authorities(0x01010018)="com.voicetextnote.app.androidx-startup" (Raw: "com.voicetextnote.app.androidx-startup")
        E: meta-data (line=303)
          A: android:name(0x01010003)="androidx.lifecycle.ProcessLifecycleInitializer" (Raw: "androidx.lifecycle.ProcessLifecycleInitializer")
          A: android:value(0x01010024)="androidx.startup" (Raw: "androidx.startup")
        E: meta-data (line=306)
          A: android:name(0x01010003)="androidx.profileinstaller.ProfileInstallerInitializer" (Raw: "androidx.profileinstaller.ProfileInstallerInitializer")
          A: android:value(0x01010024)="androidx.startup" (Raw: "androidx.startup")
      E: uses-library (line=311)
        A: android:name(0x01010003)="android.ext.adservices" (Raw: "android.ext.adservices")
        A: android:required(0x0101028e)=(type 0x12)0x0
      E: meta-data (line=315)
        A: android:name(0x01010003)="com.google.android.gms.version" (Raw: "com.google.android.gms.version")
        A: android:value(0x01010024)=@0x7f090004
      E: service (line=319)
        A: android:name(0x01010003)="com.google.android.datatransport.runtime.backends.TransportBackendDiscovery" (Raw: "com.google.android.datatransport.runtime.backends.TransportBackendDiscovery")
        A: android:exported(0x01010010)=(type 0x12)0x0
        E: meta-data (line=322)
          A: android:name(0x01010003)="backend:com.google.android.datatransport.cct.CctBackendFactory" (Raw: "backend:com.google.android.datatransport.cct.CctBackendFactory")
          A: android:value(0x01010024)="cct" (Raw: "cct")
      E: service (line=326)
        A: android:name(0x01010003)="com.google.android.datatransport.runtime.scheduling.jobscheduling.JobInfoSchedulerService" (Raw: "com.google.android.datatransport.runtime.scheduling.jobscheduling.JobInfoSchedulerService")
        A: android:permission(0x01010006)="android.permission.BIND_JOB_SERVICE" (Raw: "android.permission.BIND_JOB_SERVICE")
        A: android:exported(0x01010010)=(type 0x12)0x0
      E: receiver (line=332)
        A: android:name(0x01010003)="com.google.android.datatransport.runtime.scheduling.jobscheduling.AlarmManagerSchedulerBroadcastReceiver" (Raw: "com.google.android.datatransport.runtime.scheduling.jobscheduling.AlarmManagerSchedulerBroadcastReceiver")
        A: android:exported(0x01010010)=(type 0x12)0x0
      E: receiver (line=335)
        A: android:name(0x01010003)="androidx.profileinstaller.ProfileInstallReceiver" (Raw: "androidx.profileinstaller.ProfileInstallReceiver")
        A: android:permission(0x01010006)="android.permission.DUMP" (Raw: "android.permission.DUMP")
        A: android:enabled(0x0101000e)=(type 0x12)0xffffffff
        A: android:exported(0x01010010)=(type 0x12)0xffffffff
        A: android:directBootAware(0x01010505)=(type 0x12)0x0
        E: intent-filter (line=341)
          E: action (line=342)
            A: android:name(0x01010003)="androidx.profileinstaller.action.INSTALL_PROFILE" (Raw: "androidx.profileinstaller.action.INSTALL_PROFILE")
        E: intent-filter (line=344)
          E: action (line=345)
            A: android:name(0x01010003)="androidx.profileinstaller.action.SKIP_FILE" (Raw: "androidx.profileinstaller.action.SKIP_FILE")
        E: intent-filter (line=347)
          E: action (line=348)
            A: android:name(0x01010003)="androidx.profileinstaller.action.SAVE_PROFILE" (Raw: "androidx.profileinstaller.action.SAVE_PROFILE")
        E: intent-filter (line=350)
          E: action (line=351)
            A: android:name(0x01010003)="androidx.profileinstaller.action.BENCHMARK_OPERATION" (Raw: "androidx.profileinstaller.action.BENCHMARK_OPERATION")
